<?xml version="1.0" encoding="utf-8"?><testsuites name="pytest tests"><testsuite name="pytest" errors="0" failures="0" skipped="0" tests="26" time="6.430" timestamp="2026-02-19T17:12:04.568680+00:00" hostname="agent-env-e9deffc2-e1f8-4265-b91c-8d56db4a2e66"><testcase classname="test_api.TestHealthCheck" name="test_health_endpoint" time="0.178" /><testcase classname="test_api.TestAuth" name="test_login_missing_credentials" time="0.190" /><testcase classname="test_api.TestAuth" name="test_login_invalid_credentials" time="0.170" /><testcase classname="test_api.TestAuth" name="test_login_director_success" time="0.203" /><testcase classname="test_api.TestAuth" name="test_login_admin_success" time="0.227" /><testcase classname="test_api.TestAuth" name="test_login_employee_success" time="0.170" /><testcase classname="test_api.TestEmployees" name="test_get_employees_unauthorized" time="0.185" /><testcase classname="test_api.TestEmployees" name="test_get_employees_as_director" time="0.298" /><testcase classname="test_api.TestEmployees" name="test_get_employees_as_admin" time="0.290" /><testcase classname="test_api.TestEmployees" name="test_filter_employees_by_status" time="0.295" /><testcase classname="test_api.TestAttendance" name="test_get_attendance_unauthorized" time="0.118" /><testcase classname="test_api.TestAttendance" name="test_get_today_attendance" time="0.346" /><testcase classname="test_api.TestAttendance" name="test_check_in" time="0.344" /><testcase classname="test_api.TestAttendance" name="test_get_attendance_history" time="0.299" /><testcase classname="test_api.TestLeaves" name="test_get_leaves_unauthorized" time="0.104" /><testcase classname="test_api.TestLeaves" name="test_get_leaves_as_director" time="0.314" /><testcase classname="test_api.TestDocuments" name="test_get_documents_unauthorized" time="0.133" /><testcase classname="test_api.TestDocuments" name="test_get_documents_as_employee" time="0.435" /><testcase classname="test_api.TestDocuments" name="test_get_documents_as_director" time="0.318" /><testcase classname="test_api.TestSalary" name="test_get_salary_unauthorized" time="0.103" /><testcase classname="test_api.TestSalary" name="test_get_salary_as_director" time="0.345" /><testcase classname="test_api.TestAnnouncements" name="test_get_announcements_unauthorized" time="0.171" /><testcase classname="test_api.TestAnnouncements" name="test_get_announcements_as_employee" time="0.387" /><testcase classname="test_api.TestDemoUsers" name="test_load_demo_users" time="0.214" /><testcase classname="test_api.TestCurrentUser" name="test_get_me_unauthorized" time="0.120" /><testcase classname="test_api.TestCurrentUser" name="test_get_me_as_director" time="0.415" /></testsuite></testsuites>